<?xml version="1.0" encoding="UTF-8"?>
<!-- Generated by org.testng.reporters.JUnitReportReporter -->
<testsuite hostname="DESKTOP-OVJ75DL" failures="0" tests="1" name="TestMavenProejct.TestClass2" time="0.015" errors="0" timestamp="2022-11-09T23:10:27 IST" skipped="0">
  <testcase classname="TestMavenProejct.TestClass2" name="testcase6" time="0.015"/>
  <system-out/>
</testsuite> <!-- TestMavenProejct.TestClass2 -->
